Build started 3/18/2015 12:52:16 PM.
     1>Project "C:\Users\quinn.mosher\Documents\GitHub\AIProject\AIE Year1 Framework VS2013_QuinnM\AIE Template.vcxproj" on node 2 (Rebuild target(s)).
     1>ClCompile:
         C:\Program Files (x86)\Microsoft Visual Studio 12.0\VC\bin\CL.exe /c /I./ /I./include/ /ZI /nologo /W3 /WX- /Od /Oy- /D WIN32 /D _DEBUG /D _WINDOWS /D _MBCS /Gm /EHsc /RTC1 /MDd /GS /fp:precise /Zc:wchar_t /Zc:forScope /Fo"obj\\" /Fd"obj\vc120.pdb" /Gd /TP /analyze- /errorReport:prompt source\Agent.cpp source\Entity.cpp source\Graph.cpp source\main.cpp source\Wall.cpp
         Wall.cpp
     1>c:\users\quinn.mosher\documents\github\aiproject\aie year1 framework vs2013_quinnm\source\wall.cpp(8): warning C4244: 'argument' : conversion from 'float' to 'int', possible loss of data
         main.cpp
     1>c:\users\quinn.mosher\documents\github\aiproject\aie year1 framework vs2013_quinnm\source\main.cpp(118): warning C4018: '<' : signed/unsigned mismatch
     1>c:\users\quinn.mosher\documents\github\aiproject\aie year1 framework vs2013_quinnm\source\main.cpp(126): warning C4018: '<' : signed/unsigned mismatch
     1>c:\users\quinn.mosher\documents\github\aiproject\aie year1 framework vs2013_quinnm\source\main.cpp(137): warning C4018: '<' : signed/unsigned mismatch
     1>c:\users\quinn.mosher\documents\github\aiproject\aie year1 framework vs2013_quinnm\source\main.cpp(143): warning C4018: '<' : signed/unsigned mismatch
     1>c:\users\quinn.mosher\documents\github\aiproject\aie year1 framework vs2013_quinnm\source\main.cpp(145): warning C4244: 'argument' : conversion from 'float' to 'int', possible loss of data
         Graph.cpp
     1>c:\users\quinn.mosher\documents\github\aiproject\aie year1 framework vs2013_quinnm\source\graph.cpp(24): warning C4018: '<' : signed/unsigned mismatch
     1>c:\users\quinn.mosher\documents\github\aiproject\aie year1 framework vs2013_quinnm\source\graph.cpp(37): warning C4018: '<' : signed/unsigned mismatch
     1>c:\users\quinn.mosher\documents\github\aiproject\aie year1 framework vs2013_quinnm\source\graph.cpp(57): warning C4018: '<' : signed/unsigned mismatch
     1>c:\users\quinn.mosher\documents\github\aiproject\aie year1 framework vs2013_quinnm\source\graph.cpp(60): warning C4018: '<' : signed/unsigned mismatch
     1>c:\users\quinn.mosher\documents\github\aiproject\aie year1 framework vs2013_quinnm\source\graph.cpp(136): warning C4018: '<' : signed/unsigned mismatch
     1>c:\users\quinn.mosher\documents\github\aiproject\aie year1 framework vs2013_quinnm\source\graph.cpp(145): warning C4018: '<' : signed/unsigned mismatch
     1>c:\users\quinn.mosher\documents\github\aiproject\aie year1 framework vs2013_quinnm\source\graph.cpp(152): warning C4018: '<' : signed/unsigned mismatch
     1>c:\users\quinn.mosher\documents\github\aiproject\aie year1 framework vs2013_quinnm\source\graph.cpp(183): warning C4018: '<' : signed/unsigned mismatch
     1>c:\users\quinn.mosher\documents\github\aiproject\aie year1 framework vs2013_quinnm\source\graph.cpp(219): warning C4018: '<' : signed/unsigned mismatch
     1>c:\users\quinn.mosher\documents\github\aiproject\aie year1 framework vs2013_quinnm\source\graph.cpp(228): warning C4018: '<' : signed/unsigned mismatch
     1>c:\users\quinn.mosher\documents\github\aiproject\aie year1 framework vs2013_quinnm\source\graph.cpp(266): warning C4018: '<' : signed/unsigned mismatch
     1>c:\users\quinn.mosher\documents\github\aiproject\aie year1 framework vs2013_quinnm\source\graph.cpp(268): warning C4018: '<' : signed/unsigned mismatch
     1>c:\users\quinn.mosher\documents\github\aiproject\aie year1 framework vs2013_quinnm\source\graph.cpp(270): warning C4244: '=' : conversion from 'float' to 'int', possible loss of data
     1>c:\users\quinn.mosher\documents\github\aiproject\aie year1 framework vs2013_quinnm\source\graph.cpp(280): warning C4018: '<' : signed/unsigned mismatch
     1>c:\users\quinn.mosher\documents\github\aiproject\aie year1 framework vs2013_quinnm\source\graph.cpp(290): warning C4018: '<' : signed/unsigned mismatch
     1>c:\users\quinn.mosher\documents\github\aiproject\aie year1 framework vs2013_quinnm\source\graph.cpp(350): warning C4018: '<' : signed/unsigned mismatch
     1>c:\users\quinn.mosher\documents\github\aiproject\aie year1 framework vs2013_quinnm\source\graph.cpp(385): warning C4018: '<' : signed/unsigned mismatch
     1>c:\users\quinn.mosher\documents\github\aiproject\aie year1 framework vs2013_quinnm\source\graph.cpp(388): warning C4244: 'initializing' : conversion from 'float' to 'int', possible loss of data
     1>c:\users\quinn.mosher\documents\github\aiproject\aie year1 framework vs2013_quinnm\source\graph.cpp(391): warning C4244: 'initializing' : conversion from 'float' to 'int', possible loss of data
     1>c:\users\quinn.mosher\documents\github\aiproject\aie year1 framework vs2013_quinnm\source\graph.cpp(445): warning C4018: '<' : signed/unsigned mismatch
     1>c:\users\quinn.mosher\documents\github\aiproject\aie year1 framework vs2013_quinnm\source\graph.cpp(456): warning C4018: '<' : signed/unsigned mismatch
     1>c:\users\quinn.mosher\documents\github\aiproject\aie year1 framework vs2013_quinnm\source\graph.cpp(467): warning C4018: '<' : signed/unsigned mismatch
     1>c:\users\quinn.mosher\documents\github\aiproject\aie year1 framework vs2013_quinnm\source\graph.cpp(477): warning C4018: '<' : signed/unsigned mismatch
         Entity.cpp
         Agent.cpp
     1>c:\users\quinn.mosher\documents\github\aiproject\aie year1 framework vs2013_quinnm\source\agent.cpp(11): warning C4305: 'initializing' : truncation from 'double' to 'float'
     1>c:\users\quinn.mosher\documents\github\aiproject\aie year1 framework vs2013_quinnm\source\agent.cpp(12): warning C4305: 'initializing' : truncation from 'double' to 'float'
     1>c:\users\quinn.mosher\documents\github\aiproject\aie year1 framework vs2013_quinnm\source\agent.cpp(13): warning C4305: 'initializing' : truncation from 'double' to 'float'
     1>c:\users\quinn.mosher\documents\github\aiproject\aie year1 framework vs2013_quinnm\source\agent.cpp(56): warning C4018: '<' : signed/unsigned mismatch
     1>c:\users\quinn.mosher\documents\github\aiproject\aie year1 framework vs2013_quinnm\source\agent.cpp(67): warning C4018: '<' : signed/unsigned mismatch
     1>c:\users\quinn.mosher\documents\github\aiproject\aie year1 framework vs2013_quinnm\source\agent.cpp(76): warning C4018: '<' : signed/unsigned mismatch
     1>c:\users\quinn.mosher\documents\github\aiproject\aie year1 framework vs2013_quinnm\source\agent.cpp(85): warning C4018: '<' : signed/unsigned mismatch
     1>c:\users\quinn.mosher\documents\github\aiproject\aie year1 framework vs2013_quinnm\source\agent.cpp(108): warning C4018: '<' : signed/unsigned mismatch
     1>c:\users\quinn.mosher\documents\github\aiproject\aie year1 framework vs2013_quinnm\source\agent.cpp(202): warning C4244: 'argument' : conversion from 'float' to 'int', possible loss of data
     1>c:\users\quinn.mosher\documents\github\aiproject\aie year1 framework vs2013_quinnm\source\agent.cpp(298): warning C4244: '=' : conversion from 'long double' to 'float', possible loss of data
     1>c:\users\quinn.mosher\documents\github\aiproject\aie year1 framework vs2013_quinnm\source\agent.cpp(299): warning C4244: '=' : conversion from 'long double' to 'float', possible loss of data
     1>c:\users\quinn.mosher\documents\github\aiproject\aie year1 framework vs2013_quinnm\source\agent.cpp(326): warning C4018: '<' : signed/unsigned mismatch
     1>c:\users\quinn.mosher\documents\github\aiproject\aie year1 framework vs2013_quinnm\source\agent.cpp(339): warning C4018: '<' : signed/unsigned mismatch
     1>c:\users\quinn.mosher\documents\github\aiproject\aie year1 framework vs2013_quinnm\source\agent.cpp(346): warning C4018: '<' : signed/unsigned mismatch
     1>c:\users\quinn.mosher\documents\github\aiproject\aie year1 framework vs2013_quinnm\source\agent.cpp(370): warning C4018: '<' : signed/unsigned mismatch
     1>c:\users\quinn.mosher\documents\github\aiproject\aie year1 framework vs2013_quinnm\source\agent.cpp(401): warning C4018: '<' : signed/unsigned mismatch
     1>c:\users\quinn.mosher\documents\github\aiproject\aie year1 framework vs2013_quinnm\source\agent.cpp(432): warning C4018: '<' : signed/unsigned mismatch
     1>c:\users\quinn.mosher\documents\github\aiproject\aie year1 framework vs2013_quinnm\source\agent.cpp(464): warning C4018: '<' : signed/unsigned mismatch
         Generating Code...
       Link:
         C:\Program Files (x86)\Microsoft Visual Studio 12.0\VC\bin\link.exe /ERRORREPORT:PROMPT /OUT:"bin\AIE Template_d.exe" /INCREMENTAL /NOLOGO /LIBPATH:./libs AIE_1st_Year_Framework_d.lib kernel32.lib kernel32.lib user32.lib gdi32.lib winspool.lib comdlg32.lib advapi32.lib shell32.lib ole32.lib oleaut32.lib uuid.lib odbc32.lib odbccp32.lib /MANIFEST /MANIFESTUAC:"level='asInvoker' uiAccess='false'" /manifest:embed /DEBUG /PDB:"bin\AIE Template_d.pdb" /TLBID:1 /DYNAMICBASE /NXCOMPAT /IMPLIB:"bin\AIE Template_d.lib" /MACHINE:X86 obj\Agent.obj
         obj\Entity.obj
         obj\Graph.obj
         obj\main.obj
         obj\Wall.obj
         AIE_1st_Year_Framework_d.lib(SOIL.obj) : MSIL .netmodule or module compiled with /GL found; restarting link with /LTCG; add /LTCG to the link command line to improve linker performance
     1>LINK : warning LNK4075: ignoring '/INCREMENTAL' due to '/LTCG' specification
     1>Agent.obj : warning LNK4075: ignoring '/EDITANDCONTINUE' due to '/OPT:LBR' specification
     1>LINK : warning LNK4098: defaultlib 'LIBCMT' conflicts with use of other libs; use /NODEFAULTLIB:library
     1>LINK : warning LNK4098: defaultlib 'MSVCRT' conflicts with use of other libs; use /NODEFAULTLIB:library
         Generating code
         Finished generating code
     1>AIE_1st_Year_Framework_d.lib(SOIL.obj) : warning LNK4099: PDB 'vc110.pdb' was not found with 'AIE_1st_Year_Framework_d.lib(SOIL.obj)' or at 'C:\Users\quinn.mosher\Documents\GitHub\AIProject\AIE Year1 Framework VS2013_QuinnM\bin\vc110.pdb'; linking object as if no debug info
     1>AIE_1st_Year_Framework_d.lib(stb_image_aug.obj) : warning LNK4099: PDB 'vc110.pdb' was not found with 'AIE_1st_Year_Framework_d.lib(stb_image_aug.obj)' or at 'C:\Users\quinn.mosher\Documents\GitHub\AIProject\AIE Year1 Framework VS2013_QuinnM\bin\vc110.pdb'; linking object as if no debug info
     1>AIE_1st_Year_Framework_d.lib(image_helper.obj) : warning LNK4099: PDB 'vc110.pdb' was not found with 'AIE_1st_Year_Framework_d.lib(image_helper.obj)' or at 'C:\Users\quinn.mosher\Documents\GitHub\AIProject\AIE Year1 Framework VS2013_QuinnM\bin\vc110.pdb'; linking object as if no debug info
     1>AIE_1st_Year_Framework_d.lib(image_DXT.obj) : warning LNK4099: PDB 'vc110.pdb' was not found with 'AIE_1st_Year_Framework_d.lib(image_DXT.obj)' or at 'C:\Users\quinn.mosher\Documents\GitHub\AIProject\AIE Year1 Framework VS2013_QuinnM\bin\vc110.pdb'; linking object as if no debug info
     1>AIE_1st_Year_Framework_d.lib(tinystr.obj) : warning LNK4099: PDB 'vc120.pdb' was not found with 'AIE_1st_Year_Framework_d.lib(tinystr.obj)' or at 'C:\Users\quinn.mosher\Documents\GitHub\AIProject\AIE Year1 Framework VS2013_QuinnM\bin\vc120.pdb'; linking object as if no debug info
     1>AIE_1st_Year_Framework_d.lib(tinyxml.obj) : warning LNK4099: PDB 'vc120.pdb' was not found with 'AIE_1st_Year_Framework_d.lib(tinyxml.obj)' or at 'C:\Users\quinn.mosher\Documents\GitHub\AIProject\AIE Year1 Framework VS2013_QuinnM\bin\vc120.pdb'; linking object as if no debug info
     1>AIE_1st_Year_Framework_d.lib(tinyxmlerror.obj) : warning LNK4099: PDB 'vc120.pdb' was not found with 'AIE_1st_Year_Framework_d.lib(tinyxmlerror.obj)' or at 'C:\Users\quinn.mosher\Documents\GitHub\AIProject\AIE Year1 Framework VS2013_QuinnM\bin\vc120.pdb'; linking object as if no debug info
     1>AIE_1st_Year_Framework_d.lib(tinyxmlHelper.obj) : warning LNK4099: PDB 'vc120.pdb' was not found with 'AIE_1st_Year_Framework_d.lib(tinyxmlHelper.obj)' or at 'C:\Users\quinn.mosher\Documents\GitHub\AIProject\AIE Year1 Framework VS2013_QuinnM\bin\vc120.pdb'; linking object as if no debug info
     1>AIE_1st_Year_Framework_d.lib(tinyxmlparser.obj) : warning LNK4099: PDB 'vc120.pdb' was not found with 'AIE_1st_Year_Framework_d.lib(tinyxmlparser.obj)' or at 'C:\Users\quinn.mosher\Documents\GitHub\AIProject\AIE Year1 Framework VS2013_QuinnM\bin\vc120.pdb'; linking object as if no debug info
     1>AIE_1st_Year_Framework_d.lib(AIE.obj) : warning LNK4099: PDB 'vc120.pdb' was not found with 'AIE_1st_Year_Framework_d.lib(AIE.obj)' or at 'C:\Users\quinn.mosher\Documents\GitHub\AIProject\AIE Year1 Framework VS2013_QuinnM\bin\vc120.pdb'; linking object as if no debug info
     1>AIE_1st_Year_Framework_d.lib(AIE_Framework.obj) : warning LNK4099: PDB 'vc120.pdb' was not found with 'AIE_1st_Year_Framework_d.lib(AIE_Framework.obj)' or at 'C:\Users\quinn.mosher\Documents\GitHub\AIProject\AIE Year1 Framework VS2013_QuinnM\bin\vc120.pdb'; linking object as if no debug info
     1>AIE_1st_Year_Framework_d.lib(BasicSprite.obj) : warning LNK4099: PDB 'vc120.pdb' was not found with 'AIE_1st_Year_Framework_d.lib(BasicSprite.obj)' or at 'C:\Users\quinn.mosher\Documents\GitHub\AIProject\AIE Year1 Framework VS2013_QuinnM\bin\vc120.pdb'; linking object as if no debug info
     1>AIE_1st_Year_Framework_d.lib(Font.obj) : warning LNK4099: PDB 'vc120.pdb' was not found with 'AIE_1st_Year_Framework_d.lib(Font.obj)' or at 'C:\Users\quinn.mosher\Documents\GitHub\AIProject\AIE Year1 Framework VS2013_QuinnM\bin\vc120.pdb'; linking object as if no debug info
     1>AIE_1st_Year_Framework_d.lib(FontManager.obj) : warning LNK4099: PDB 'vc120.pdb' was not found with 'AIE_1st_Year_Framework_d.lib(FontManager.obj)' or at 'C:\Users\quinn.mosher\Documents\GitHub\AIProject\AIE Year1 Framework VS2013_QuinnM\bin\vc120.pdb'; linking object as if no debug info
     1>AIE_1st_Year_Framework_d.lib(Gizmos.obj) : warning LNK4099: PDB 'vc120.pdb' was not found with 'AIE_1st_Year_Framework_d.lib(Gizmos.obj)' or at 'C:\Users\quinn.mosher\Documents\GitHub\AIProject\AIE Year1 Framework VS2013_QuinnM\bin\vc120.pdb'; linking object as if no debug info
     1>AIE_1st_Year_Framework_d.lib(SpriteManager.obj) : warning LNK4099: PDB 'vc120.pdb' was not found with 'AIE_1st_Year_Framework_d.lib(SpriteManager.obj)' or at 'C:\Users\quinn.mosher\Documents\GitHub\AIProject\AIE Year1 Framework VS2013_QuinnM\bin\vc120.pdb'; linking object as if no debug info
     1>AIE_1st_Year_Framework_d.lib(strHandler.obj) : warning LNK4099: PDB 'vc120.pdb' was not found with 'AIE_1st_Year_Framework_d.lib(strHandler.obj)' or at 'C:\Users\quinn.mosher\Documents\GitHub\AIProject\AIE Year1 Framework VS2013_QuinnM\bin\vc120.pdb'; linking object as if no debug info
     1>AIE_1st_Year_Framework_d.lib(Texture.obj) : warning LNK4099: PDB 'vc120.pdb' was not found with 'AIE_1st_Year_Framework_d.lib(Texture.obj)' or at 'C:\Users\quinn.mosher\Documents\GitHub\AIProject\AIE Year1 Framework VS2013_QuinnM\bin\vc120.pdb'; linking object as if no debug info
     1>AIE_1st_Year_Framework_d.lib(TextureManager.obj) : warning LNK4099: PDB 'vc120.pdb' was not found with 'AIE_1st_Year_Framework_d.lib(TextureManager.obj)' or at 'C:\Users\quinn.mosher\Documents\GitHub\AIProject\AIE Year1 Framework VS2013_QuinnM\bin\vc120.pdb'; linking object as if no debug info
     1>AIE_1st_Year_Framework_d.lib(Utilities.obj) : warning LNK4099: PDB 'vc120.pdb' was not found with 'AIE_1st_Year_Framework_d.lib(Utilities.obj)' or at 'C:\Users\quinn.mosher\Documents\GitHub\AIProject\AIE Year1 Framework VS2013_QuinnM\bin\vc120.pdb'; linking object as if no debug info
     1>AIE_1st_Year_Framework_d.lib(glew.obj) : warning LNK4099: PDB 'vc100.pdb' was not found with 'AIE_1st_Year_Framework_d.lib(glew.obj)' or at 'C:\Users\quinn.mosher\Documents\GitHub\AIProject\AIE Year1 Framework VS2013_QuinnM\bin\vc100.pdb'; linking object as if no debug info
         AIE Template.vcxproj -> C:\Users\quinn.mosher\Documents\GitHub\AIProject\AIE Year1 Framework VS2013_QuinnM\bin\AIE Template_d.exe
     1>Done Building Project "C:\Users\quinn.mosher\Documents\GitHub\AIProject\AIE Year1 Framework VS2013_QuinnM\AIE Template.vcxproj" (Rebuild target(s)).

Build succeeded.

Time Elapsed 00:00:02.35
